{
  "RSpec": {
    "coverage": {
      "/Users/zacharylandes/turing/3module/Gedaride/config/environment.rb": [
        null,
        1,
        null,
        null,
        1
      ],
      "/Users/zacharylandes/turing/3module/Gedaride/config/application.rb": [
        1,
        null,
        1,
        null,
        1,
        1,
        1,
        1,
        1,
        1,
        1,
        1,
        null,
        null,
        null,
        null,
        1,
        null,
        1,
        1,
        null,
        1,
        null,
        null,
        null,
        null,
        null,
        null,
        1,
        null,
        null
      ],
      "/Users/zacharylandes/turing/3module/Gedaride/config/boot.rb": [
        1,
        null,
        1
      ],
      "/Users/zacharylandes/turing/3module/Gedaride/config/environments/test.rb": [
        1,
        null,
        null,
        null,
        null,
        null,
        null,
        1,
        null,
        null,
        null,
        null,
        1,
        null,
        null,
        1,
        1,
        null,
        null,
        null,
        null,
        1,
        1,
        null,
        null,
        1,
        null,
        null,
        1,
        1,
        null,
        null,
        null,
        null,
        1,
        1,
        null,
        null,
        null,
        1,
        null,
        null,
        null,
        null
      ],
      "/Users/zacharylandes/turing/3module/Gedaride/config/initializers/application_controller_renderer.rb": [
        null,
        null,
        null,
        null,
        null,
        null,
        null,
        null
      ],
      "/Users/zacharylandes/turing/3module/Gedaride/config/initializers/assets.rb": [
        null,
        null,
        null,
        1,
        null,
        null,
        null,
        null,
        1,
        null,
        null,
        null,
        null,
        null
      ],
      "/Users/zacharylandes/turing/3module/Gedaride/config/initializers/backtrace_silencers.rb": [
        null,
        null,
        null,
        null,
        null,
        null,
        null
      ],
      "/Users/zacharylandes/turing/3module/Gedaride/config/initializers/carrier_wave.rb": [
        1,
        1,
        1,
        1,
        1,
        1,
        null,
        null,
        null,
        null,
        null,
        null
      ],
      "/Users/zacharylandes/turing/3module/Gedaride/config/initializers/cookies_serializer.rb": [
        null,
        null,
        null,
        null,
        1
      ],
      "/Users/zacharylandes/turing/3module/Gedaride/config/initializers/filter_parameter_logging.rb": [
        null,
        null,
        null,
        1
      ],
      "/Users/zacharylandes/turing/3module/Gedaride/config/initializers/geokit_config.rb": [
        null,
        1,
        1,
        null,
        null,
        null,
        null,
        1,
        1,
        null,
        null,
        null,
        null,
        null,
        null,
        null,
        null,
        null,
        null,
        null,
        null,
        null,
        null,
        null,
        null,
        null,
        null,
        null,
        null,
        null,
        null,
        null,
        null,
        null,
        null,
        null,
        null,
        null,
        null,
        null,
        null,
        null,
        null,
        null,
        null,
        null,
        null,
        null,
        null,
        null,
        null,
        null,
        null,
        null,
        null,
        null,
        null,
        null,
        null,
        null,
        null,
        null,
        null,
        null,
        null,
        null,
        null,
        null,
        null,
        null,
        null,
        null,
        null,
        null,
        null,
        null,
        null,
        null,
        null,
        null,
        null,
        null,
        null,
        null,
        null,
        null,
        null,
        null,
        null,
        null,
        null,
        null,
        null,
        null,
        null,
        null,
        null,
        null,
        null,
        null
      ],
      "/Users/zacharylandes/turing/3module/Gedaride/config/initializers/inflections.rb": [
        null,
        null,
        null,
        null,
        null,
        null,
        null,
        null,
        null,
        null,
        null,
        null,
        null,
        null,
        null,
        null
      ],
      "/Users/zacharylandes/turing/3module/Gedaride/config/initializers/mailboxer.rb": [
        1,
        null,
        null,
        1,
        null,
        null,
        1,
        null,
        null,
        1,
        1,
        1,
        null,
        null,
        null,
        1,
        1,
        null,
        null,
        1,
        1,
        null
      ],
      "/Users/zacharylandes/turing/3module/Gedaride/config/initializers/mime_types.rb": [
        null,
        null,
        null,
        null
      ],
      "/Users/zacharylandes/turing/3module/Gedaride/config/initializers/omniauth.rb": [
        1,
        null,
        1,
        1,
        null
      ],
      "/Users/zacharylandes/turing/3module/Gedaride/config/initializers/stripe.rb": [
        1,
        null,
        null,
        null,
        null,
        1
      ],
      "/Users/zacharylandes/turing/3module/Gedaride/config/initializers/wrap_parameters.rb": [
        null,
        null,
        null,
        null,
        null,
        null,
        1,
        2,
        null,
        null,
        null,
        null,
        null,
        null
      ],
      "/Users/zacharylandes/turing/3module/Gedaride/spec/factories/destinations.rb": [
        1,
        1,
        1,
        1,
        1,
        1,
        null,
        null,
        null
      ],
      "/Users/zacharylandes/turing/3module/Gedaride/spec/factories/origins.rb": [
        1,
        1,
        1,
        1,
        1,
        1,
        null,
        null
      ],
      "/Users/zacharylandes/turing/3module/Gedaride/spec/factories/rides.rb": [
        1,
        1,
        1,
        1,
        null,
        null
      ],
      "/Users/zacharylandes/turing/3module/Gedaride/spec/factories/users.rb": [
        1,
        1,
        1,
        1,
        1,
        1,
        1,
        null,
        null
      ],
      "/Users/zacharylandes/turing/3module/Gedaride/config/routes.rb": [
        1,
        1,
        1,
        1,
        null,
        1,
        1,
        1,
        1,
        null,
        1,
        1,
        1,
        1,
        1,
        1,
        1,
        1,
        1,
        null,
        1,
        null,
        null
      ],
      "/Users/zacharylandes/turing/3module/Gedaride/app/helpers/application_helper.rb": [
        1,
        null
      ],
      "/Users/zacharylandes/turing/3module/Gedaride/app/helpers/charges_helper.rb": [
        1,
        null
      ],
      "/Users/zacharylandes/turing/3module/Gedaride/app/helpers/home_helper.rb": [
        1,
        null
      ],
      "/Users/zacharylandes/turing/3module/Gedaride/app/helpers/sessions_helper.rb": [
        1,
        null
      ],
      "/Users/zacharylandes/turing/3module/Gedaride/spec/support/factory_bot.rb": [
        1,
        1,
        null
      ],
      "/Users/zacharylandes/turing/3module/Gedaride/spec/support/vcr_setup.rb": [
        1,
        null,
        1,
        1,
        null,
        1,
        null
      ],
      "/Users/zacharylandes/turing/3module/Gedaride/app/controllers/charges_controller.rb": [
        1,
        null,
        null,
        1,
        0,
        0,
        0,
        null,
        null,
        null,
        null,
        0,
        null,
        0,
        null,
        null,
        null,
        null,
        0,
        0,
        null,
        0,
        null,
        0,
        0,
        null,
        null
      ],
      "/Users/zacharylandes/turing/3module/Gedaride/app/controllers/application_controller.rb": [
        1,
        1,
        1,
        null,
        null,
        null,
        null,
        null,
        null,
        null,
        null,
        1,
        69,
        null,
        null,
        null,
        1,
        2,
        null,
        null,
        1,
        2,
        2,
        null,
        null,
        1,
        32,
        null,
        null,
        null,
        32,
        null,
        null,
        1,
        0,
        null,
        null,
        null
      ],
      "/Users/zacharylandes/turing/3module/Gedaride/spec/features/events/user_can_search_events_near_them_spec.rb": [
        1,
        null,
        1,
        1,
        1,
        1,
        null,
        1,
        null,
        1,
        null,
        1,
        1,
        null,
        1,
        null,
        1,
        1,
        null,
        null,
        1,
        1,
        1,
        null,
        1,
        null,
        1,
        null,
        1,
        1,
        null,
        1,
        null,
        1,
        1,
        null,
        null,
        1,
        1,
        1,
        null,
        1,
        null,
        1,
        null,
        1,
        1,
        null,
        1,
        null,
        1,
        1,
        null,
        null,
        null
      ],
      "/Users/zacharylandes/turing/3module/Gedaride/spec/features/events/user_can_view_events_from_a_city_show_page_spec.rb": [

      ],
      "/Users/zacharylandes/turing/3module/Gedaride/spec/features/events/user_can_view_rides_from_events_searched_spec.rb": [
        1,
        null,
        1,
        1,
        1,
        1,
        1,
        null,
        1,
        1,
        1,
        1,
        null,
        1,
        null,
        1,
        1,
        null,
        1,
        1,
        1,
        null,
        null,
        null,
        1,
        null,
        null
      ],
      "/Users/zacharylandes/turing/3module/Gedaride/spec/features/messages/user_can_check_messages_spec.rb": [
        1,
        null,
        1,
        1,
        1,
        1,
        null,
        1,
        null,
        1,
        1,
        null,
        1,
        null,
        1,
        null,
        1,
        null,
        1,
        1,
        null,
        1,
        null,
        1,
        null,
        1,
        null,
        1,
        null,
        1,
        1,
        null,
        null
      ],
      "/Users/zacharylandes/turing/3module/Gedaride/spec/features/messages/user_can_create_a_message_spec.rb": [
        1,
        null,
        1,
        1,
        null,
        1,
        1,
        null,
        1,
        null,
        1,
        1,
        null,
        1,
        null,
        1,
        null,
        1,
        null,
        1,
        1,
        null,
        1,
        null,
        null,
        1,
        1,
        null,
        null,
        null
      ],
      "/Users/zacharylandes/turing/3module/Gedaride/spec/features/messages/user_can_delete_a_message_spec.rb": [
        1,
        null,
        1,
        1,
        1,
        1,
        null,
        1,
        1,
        null,
        1,
        1,
        null,
        1,
        null,
        1,
        1,
        null,
        1,
        1,
        null,
        1,
        null,
        1,
        null,
        1,
        1,
        null,
        null,
        1,
        null,
        null,
        null,
        null
      ],
      "/Users/zacharylandes/turing/3module/Gedaride/spec/features/messages/user_can_message_another_user_spec.rb": [
        1,
        null,
        1,
        1,
        null,
        1,
        1,
        null,
        1,
        null,
        1,
        1,
        null,
        1,
        null,
        1,
        1,
        null,
        1,
        1,
        null,
        1,
        null,
        1,
        1,
        null,
        null,
        null
      ],
      "/Users/zacharylandes/turing/3module/Gedaride/spec/features/messages/user_can_view_associeted_ride_spec.rb": [
        1,
        null,
        1,
        1,
        null,
        1,
        1,
        null,
        1,
        null,
        1,
        1,
        null,
        1,
        null,
        1,
        1,
        null,
        1,
        1,
        null,
        1,
        null,
        1,
        null,
        1,
        null,
        null,
        null
      ],
      "/Users/zacharylandes/turing/3module/Gedaride/spec/features/reviews/user_can_see_a_customers_reviews_spec.rb": [
        1,
        1,
        1,
        1,
        1,
        1,
        1,
        null,
        null,
        1,
        null,
        1,
        null,
        1,
        null,
        1,
        null,
        null
      ],
      "/Users/zacharylandes/turing/3module/Gedaride/spec/features/rides/user_can_approve_ride_spec.rb": [
        1,
        null,
        1,
        1,
        1,
        null,
        1,
        1,
        null,
        1,
        1,
        null,
        1,
        1,
        1,
        1,
        null,
        null,
        1,
        null,
        1,
        null,
        1,
        null,
        1,
        null,
        1,
        null,
        1,
        null,
        1,
        1,
        null,
        1,
        null,
        1,
        null,
        1,
        1,
        null,
        1,
        null,
        1,
        1,
        1,
        null,
        1,
        null,
        null,
        null,
        null
      ],
      "/Users/zacharylandes/turing/3module/Gedaride/spec/features/rides/user_can_click_to_view_related_rides_spec.rb": [
        1,
        null,
        1,
        1,
        1,
        null,
        1,
        1,
        1,
        null,
        1,
        1,
        1,
        1,
        null,
        1,
        null,
        1,
        1,
        1,
        null,
        1,
        null,
        null,
        1,
        null,
        1,
        null,
        null,
        1,
        1,
        null,
        1,
        1,
        1,
        null,
        1,
        1,
        1,
        1,
        null,
        1,
        null,
        1,
        1,
        1,
        null,
        1,
        null,
        1,
        null,
        1,
        null,
        null,
        null,
        null
      ],
      "/Users/zacharylandes/turing/3module/Gedaride/spec/features/rides/user_can_delete_rides_spec.rb": [
        1,
        null,
        1,
        null,
        1,
        1,
        null,
        1,
        1,
        null,
        1,
        1,
        null,
        1,
        null,
        1,
        null,
        1,
        null,
        null,
        null
      ],
      "/Users/zacharylandes/turing/3module/Gedaride/spec/features/rides/user_can_find_rides_spec.rb": [
        1,
        null,
        1,
        1,
        1,
        1,
        1,
        1,
        1,
        null,
        1,
        1,
        1,
        1,
        null,
        1,
        null,
        1,
        1,
        1,
        null,
        1,
        null,
        1,
        null,
        null,
        null,
        1,
        1,
        null,
        1,
        1,
        1,
        null,
        1,
        1,
        1,
        1,
        null,
        1,
        null,
        1,
        1,
        1,
        null,
        1,
        null,
        null,
        1,
        null,
        null,
        1,
        1,
        null,
        1,
        1,
        1,
        null,
        1,
        1,
        1,
        1,
        null,
        1,
        null,
        1,
        1,
        1,
        null,
        1,
        null,
        null,
        1,
        null,
        null,
        1,
        1,
        null,
        1,
        1,
        1,
        null,
        1,
        1,
        1,
        1,
        null,
        1,
        null,
        1,
        1,
        1,
        null,
        1,
        null,
        1,
        null,
        null,
        null
      ],
      "/Users/zacharylandes/turing/3module/Gedaride/spec/features/rides/user_can_see_related_rides_spec.rb": [
        1,
        null,
        1,
        1,
        1,
        null,
        1,
        1,
        1,
        null,
        1,
        1,
        1,
        1,
        null,
        1,
        null,
        1,
        1,
        1,
        null,
        1,
        null,
        1,
        null,
        null,
        1,
        1,
        null,
        1,
        1,
        1,
        null,
        1,
        1,
        1,
        1,
        null,
        1,
        null,
        1,
        1,
        1,
        null,
        1,
        null,
        null,
        1,
        null,
        null,
        null,
        1,
        1,
        null,
        1,
        1,
        1,
        null,
        1,
        1,
        1,
        1,
        null,
        1,
        null,
        1,
        1,
        1,
        null,
        1,
        null,
        1,
        null,
        null,
        null
      ],
      "/Users/zacharylandes/turing/3module/Gedaride/spec/features/rides/user_can_sign_up_for_ride_spec.rb": [
        1,
        null,
        1,
        1,
        2,
        2,
        2,
        2,
        2,
        2,
        2,
        2,
        null,
        1,
        1,
        null,
        1,
        null,
        1,
        null,
        1,
        null,
        1,
        null,
        1,
        null,
        1,
        null,
        1,
        1,
        null,
        null,
        null,
        1,
        1,
        null,
        1,
        null,
        1,
        null,
        1,
        null,
        1,
        null,
        1,
        null,
        1,
        null,
        1,
        null,
        1,
        1,
        null,
        1,
        null,
        1,
        1,
        1,
        null,
        null,
        null,
        null
      ],
      "/Users/zacharylandes/turing/3module/Gedaride/spec/features/rides/user_can_view_rides_from_ride_list_spec.rb": [
        1,
        1,
        1,
        1,
        null,
        1,
        1,
        1,
        null,
        1,
        1,
        1,
        1,
        null,
        1,
        null,
        1,
        1,
        1,
        null,
        1,
        null,
        1,
        null,
        1,
        null,
        null,
        null,
        null
      ],
      "/Users/zacharylandes/turing/3module/Gedaride/spec/features/rides/user_should_not_see_an_error_if_no_rides_match_query_spec.rb": [
        1,
        null,
        1,
        1,
        1,
        null,
        1,
        1,
        1,
        null,
        1,
        1,
        1,
        1,
        null,
        1,
        null,
        1,
        1,
        1,
        null,
        1,
        null,
        0,
        null,
        null,
        null,
        1,
        1,
        1,
        null,
        1,
        null,
        1,
        1,
        1,
        null,
        1,
        null,
        0,
        null,
        null,
        null,
        null,
        null,
        null
      ],
      "/Users/zacharylandes/turing/3module/Gedaride/spec/features/users/user_can_edit_profile_spec.rb": [
        1,
        1,
        1,
        1,
        null,
        1,
        null,
        1,
        null,
        1,
        null,
        1,
        1,
        1,
        1,
        null,
        1,
        1,
        null,
        null
      ],
      "/Users/zacharylandes/turing/3module/Gedaride/spec/features/users/user_can_make_a_ride_spec.rb": [
        1,
        1,
        1,
        1,
        null,
        1,
        null,
        1,
        null,
        1,
        null,
        1,
        null,
        null,
        1,
        1,
        1,
        null,
        1,
        null,
        1,
        1,
        1,
        null,
        null,
        1,
        1,
        1,
        null,
        1,
        1,
        null,
        1,
        1,
        1,
        1,
        null,
        1,
        null,
        null,
        1,
        null,
        1,
        1,
        null,
        1,
        null,
        1,
        null,
        1,
        null,
        1,
        null,
        null,
        1,
        1,
        1,
        null,
        1,
        null,
        1,
        null,
        null,
        null
      ],
      "/Users/zacharylandes/turing/3module/Gedaride/spec/features/users/user_can_search_all_rides_leaving_an_origin_spec.rb": [
        1,
        null,
        1,
        1,
        1,
        null,
        1,
        1,
        1,
        null,
        1,
        1,
        1,
        1,
        null,
        1,
        null,
        1,
        1,
        1,
        null,
        1,
        null,
        null,
        1,
        null,
        1,
        1,
        null,
        null,
        null,
        null
      ],
      "/Users/zacharylandes/turing/3module/Gedaride/spec/features/users/user_can_search_all_rides_leaving_from_destination_spec.rb": [
        1,
        null,
        1,
        1,
        1,
        null,
        1,
        1,
        1,
        null,
        1,
        1,
        1,
        1,
        null,
        1,
        null,
        1,
        1,
        1,
        null,
        1,
        null,
        1,
        null,
        1,
        null,
        null,
        null
      ],
      "/Users/zacharylandes/turing/3module/Gedaride/spec/features/users/user_can_view_another_users_profile_spec.rb": [
        1,
        null,
        1,
        1,
        1,
        1,
        1,
        null,
        1,
        1,
        1,
        null,
        1,
        1,
        null,
        1,
        null,
        1,
        1,
        1,
        null,
        1,
        null,
        1,
        null,
        1,
        null,
        1,
        null,
        null,
        null,
        null
      ],
      "/Users/zacharylandes/turing/3module/Gedaride/spec/features/users/user_can_view_rides_spec.rb": [
        1,
        null,
        1,
        1,
        1,
        null,
        1,
        1,
        1,
        1,
        null,
        1,
        null,
        1,
        1,
        1,
        null,
        1,
        null,
        1,
        1,
        1,
        null,
        1,
        null,
        1,
        null,
        null,
        null
      ],
      "/Users/zacharylandes/turing/3module/Gedaride/spec/helpers/charges_helper_spec.rb": [
        1,
        null,
        null,
        null,
        null,
        null,
        null,
        null,
        null,
        null,
        null,
        null,
        1,
        1,
        null
      ],
      "/Users/zacharylandes/turing/3module/Gedaride/spec/models/destination_spec.rb": [
        1,
        1,
        2,
        null
      ],
      "/Users/zacharylandes/turing/3module/Gedaride/app/models/destination.rb": [
        1,
        1,
        1,
        null,
        1,
        null,
        1,
        null,
        null,
        null,
        null,
        null
      ],
      "/Users/zacharylandes/turing/3module/Gedaride/app/models/application_record.rb": [
        1,
        1,
        null
      ],
      "/Users/zacharylandes/turing/3module/Gedaride/spec/models/origin_spec.rb": [
        1,
        1,
        2,
        null
      ],
      "/Users/zacharylandes/turing/3module/Gedaride/app/models/origin.rb": [
        1,
        1,
        1,
        1,
        null,
        1,
        null,
        null,
        null,
        null,
        null
      ],
      "/Users/zacharylandes/turing/3module/Gedaride/spec/models/ride_spec.rb": [
        1,
        1,
        2,
        2,
        2,
        null,
        1,
        1,
        1,
        null,
        null,
        null
      ],
      "/Users/zacharylandes/turing/3module/Gedaride/app/models/ride.rb": [
        1,
        1,
        1,
        1,
        1,
        null,
        null,
        1,
        null,
        1,
        0,
        0,
        0,
        0,
        null,
        0,
        null,
        null,
        null,
        1,
        1,
        null,
        null
      ],
      "/Users/zacharylandes/turing/3module/Gedaride/spec/models/user_spec.rb": [
        1,
        null,
        1,
        2,
        null,
        1,
        1,
        null,
        null,
        null,
        null,
        null,
        null,
        null,
        null,
        null,
        null,
        null,
        null,
        null,
        null,
        null,
        null,
        null,
        null,
        null,
        null,
        null,
        null,
        null,
        null,
        null,
        null,
        null,
        null,
        null,
        1,
        null,
        null
      ],
      "/Users/zacharylandes/turing/3module/Gedaride/app/models/user.rb": [
        1,
        1,
        1,
        null,
        1,
        1,
        null,
        1,
        1,
        1,
        1,
        1,
        1,
        1,
        1,
        null,
        null,
        null,
        null,
        1,
        null,
        null,
        7,
        null,
        null,
        null,
        null
      ],
      "/Users/zacharylandes/turing/3module/Gedaride/app/uploaders/image_uploader.rb": [
        null,
        null,
        1,
        null,
        null,
        null,
        null,
        null,
        null,
        1,
        null,
        1,
        3,
        null,
        null,
        null,
        null,
        null,
        null,
        null,
        null,
        null,
        null,
        null,
        null,
        null,
        null,
        null,
        null,
        null,
        null,
        null,
        null,
        null,
        null,
        null,
        null,
        null,
        null,
        null,
        null,
        null,
        null,
        null,
        null,
        null,
        null,
        null,
        null,
        null,
        null,
        null,
        null,
        null
      ],
      "/Users/zacharylandes/turing/3module/Gedaride/spec/services/event_service_spec.rb": [
        1,
        null,
        1,
        1,
        1,
        1,
        1,
        1,
        null,
        1,
        null,
        1,
        null,
        1,
        1,
        null,
        null,
        null
      ],
      "/Users/zacharylandes/turing/3module/Gedaride/spec/services/ride_service_spec.rb": [
        1,
        null,
        1,
        1,
        1,
        1,
        1,
        null,
        1,
        0,
        0,
        null,
        1,
        1,
        1,
        1,
        1,
        1,
        null,
        1,
        0,
        null,
        null,
        1,
        1,
        1,
        1,
        1,
        1,
        null,
        1,
        1,
        null,
        null,
        null,
        1,
        1,
        null,
        1,
        1,
        1,
        1,
        1,
        null,
        1,
        1,
        null,
        null,
        null,
        1,
        0,
        null,
        0,
        0,
        0,
        0,
        0,
        null,
        0,
        0,
        null,
        null,
        null
      ],
      "/Users/zacharylandes/turing/3module/Gedaride/app/controllers/home_controller.rb": [
        1,
        1,
        0,
        null,
        null,
        1,
        40,
        40,
        17,
        17,
        2,
        15,
        7,
        7,
        null,
        8,
        null,
        null,
        null,
        null,
        null
      ],
      "/Users/zacharylandes/turing/3module/Gedaride/app/controllers/events_controller.rb": [
        1,
        null,
        1,
        8,
        4,
        4,
        1,
        1,
        null,
        3,
        null,
        4,
        0,
        null,
        4,
        null,
        null,
        null,
        1,
        0,
        null,
        null,
        null
      ],
      "/Users/zacharylandes/turing/3module/Gedaride/app/models/event.rb": [
        1,
        null,
        null,
        null
      ],
      "/Users/zacharylandes/turing/3module/Gedaride/app/services/event_service.rb": [
        1,
        null,
        1,
        6,
        6,
        6,
        1,
        null,
        5,
        44,
        null,
        5,
        null,
        null,
        null,
        1,
        5,
        5,
        44,
        null,
        null,
        null,
        1,
        1,
        null,
        null,
        1,
        1,
        1,
        4,
        null,
        null,
        null,
        null
      ],
      "/Users/zacharylandes/turing/3module/Gedaride/app/controllers/destinations_controller.rb": [
        1,
        null,
        1,
        2,
        2,
        2,
        null,
        null,
        1,
        1,
        1,
        null,
        null
      ],
      "/Users/zacharylandes/turing/3module/Gedaride/app/controllers/rides_controller.rb": [
        1,
        1,
        null,
        1,
        3,
        null,
        null,
        1,
        2,
        2,
        1,
        1,
        null,
        1,
        1,
        null,
        null,
        null,
        1,
        19,
        null,
        null,
        1,
        2,
        2,
        0,
        0,
        0,
        2,
        2,
        2,
        2,
        2,
        2,
        2,
        null,
        null,
        null,
        1,
        0,
        0,
        null,
        null,
        1,
        1,
        1,
        1,
        1,
        1,
        1,
        1,
        null,
        null,
        1,
        null,
        1,
        2,
        null,
        null,
        1,
        4,
        null,
        null,
        null
      ],
      "/Users/zacharylandes/turing/3module/Gedaride/app/controllers/conversations_controller.rb": [
        1,
        null,
        1,
        2,
        null,
        null,
        1,
        5,
        null,
        null,
        1,
        5,
        5,
        5,
        5,
        null,
        null,
        1,
        5,
        5,
        5,
        null,
        null,
        null,
        null
      ],
      "/Users/zacharylandes/turing/3module/Gedaride/app/controllers/users_controller.rb": [
        1,
        1,
        null,
        null,
        1,
        0,
        null,
        null,
        null,
        null,
        null,
        null,
        null,
        null,
        null,
        null,
        null,
        1,
        10,
        10,
        10,
        null,
        null,
        1,
        1,
        null,
        null,
        1,
        1,
        1,
        1,
        null,
        null,
        1,
        null,
        null,
        1,
        null,
        1,
        1,
        null,
        null,
        null
      ],
      "/Users/zacharylandes/turing/3module/Gedaride/app/models/request.rb": [
        1,
        1,
        null
      ],
      "/Users/zacharylandes/turing/3module/Gedaride/app/services/ride_service.rb": [
        1,
        null,
        1,
        3,
        3,
        3,
        3,
        2,
        null,
        1,
        1,
        null,
        null,
        null,
        1,
        19,
        19,
        null,
        0,
        null,
        39,
        null,
        null,
        1,
        19,
        19,
        null,
        0,
        null,
        34,
        null,
        null,
        1,
        18,
        18,
        18,
        18,
        0,
        null,
        18,
        null,
        null,
        null,
        1,
        18,
        9,
        0,
        null,
        9,
        null,
        null,
        9,
        null,
        null,
        null,
        null,
        1,
        9,
        9,
        3,
        6,
        3,
        3,
        1,
        null,
        9,
        null,
        null,
        1,
        18,
        28,
        null,
        null,
        null,
        1,
        120,
        null,
        null,
        1,
        2,
        2,
        2,
        2,
        null,
        null
      ],
      "/Users/zacharylandes/turing/3module/Gedaride/app/controllers/messages_controller.rb": [
        1,
        1,
        null,
        1,
        0,
        0,
        null,
        null,
        1,
        1,
        1,
        1,
        null,
        1,
        null,
        null,
        1,
        null,
        1,
        1,
        null,
        null
      ],
      "/Users/zacharylandes/turing/3module/Gedaride/app/controllers/requests_controller.rb": [
        1,
        1,
        3,
        3,
        3,
        null,
        null,
        1,
        1,
        3,
        null,
        null
      ],
      "/Users/zacharylandes/turing/3module/Gedaride/app/services/request_service.rb": [
        1,
        1,
        null,
        null,
        null,
        null,
        null,
        null,
        null,
        null,
        1,
        2,
        null,
        null,
        null,
        null
      ],
      "/Users/zacharylandes/turing/3module/Gedaride/app/controllers/origins_controller.rb": [
        1,
        1,
        2,
        2,
        null,
        null
      ]
    },
    "timestamp": 1519879413
  }
}
