{
  "RSpec": {
    "coverage": {
      "/Users/zacharylandes/turing/3module/Gedaride/config/environment.rb": [
        null,
        1,
        null,
        null,
        1
      ],
      "/Users/zacharylandes/turing/3module/Gedaride/config/application.rb": [
        1,
        null,
        1,
        null,
        1,
        1,
        1,
        1,
        1,
        1,
        1,
        1,
        null,
        null,
        null,
        null,
        1,
        null,
        1,
        1,
        null,
        1,
        null,
        null,
        null,
        null,
        null,
        null,
        1,
        null,
        null
      ],
      "/Users/zacharylandes/turing/3module/Gedaride/config/boot.rb": [
        1,
        null,
        1
      ],
      "/Users/zacharylandes/turing/3module/Gedaride/config/environments/test.rb": [
        1,
        null,
        null,
        null,
        null,
        null,
        null,
        1,
        null,
        null,
        null,
        null,
        1,
        null,
        null,
        1,
        1,
        null,
        null,
        null,
        null,
        1,
        1,
        null,
        null,
        1,
        null,
        null,
        1,
        1,
        null,
        null,
        null,
        null,
        1,
        1,
        null,
        null,
        null,
        1,
        null,
        null,
        null,
        null
      ],
      "/Users/zacharylandes/turing/3module/Gedaride/config/initializers/application_controller_renderer.rb": [
        null,
        null,
        null,
        null,
        null,
        null,
        null,
        null
      ],
      "/Users/zacharylandes/turing/3module/Gedaride/config/initializers/assets.rb": [
        null,
        null,
        null,
        1,
        null,
        null,
        null,
        null,
        1,
        null,
        null,
        null,
        null,
        null
      ],
      "/Users/zacharylandes/turing/3module/Gedaride/config/initializers/backtrace_silencers.rb": [
        null,
        null,
        null,
        null,
        null,
        null,
        null
      ],
      "/Users/zacharylandes/turing/3module/Gedaride/config/initializers/carrier_wave.rb": [
        1,
        1,
        1,
        1,
        1,
        1,
        null,
        null,
        null,
        null,
        null,
        null
      ],
      "/Users/zacharylandes/turing/3module/Gedaride/config/initializers/cookies_serializer.rb": [
        null,
        null,
        null,
        null,
        1
      ],
      "/Users/zacharylandes/turing/3module/Gedaride/config/initializers/filter_parameter_logging.rb": [
        null,
        null,
        null,
        1
      ],
      "/Users/zacharylandes/turing/3module/Gedaride/config/initializers/geokit_config.rb": [
        null,
        1,
        1,
        null,
        null,
        null,
        null,
        1,
        1,
        null,
        null,
        null,
        null,
        null,
        null,
        null,
        null,
        null,
        null,
        null,
        null,
        null,
        null,
        null,
        null,
        null,
        null,
        null,
        null,
        null,
        null,
        null,
        null,
        null,
        null,
        null,
        null,
        null,
        null,
        null,
        null,
        null,
        null,
        null,
        null,
        null,
        null,
        null,
        null,
        null,
        null,
        null,
        null,
        null,
        null,
        null,
        null,
        null,
        null,
        null,
        null,
        null,
        null,
        null,
        null,
        null,
        null,
        null,
        null,
        null,
        null,
        null,
        null,
        null,
        null,
        null,
        null,
        null,
        null,
        null,
        null,
        null,
        null,
        null,
        null,
        null,
        null,
        null,
        null,
        null,
        null,
        null,
        null,
        null,
        null,
        null,
        null,
        null,
        null,
        null
      ],
      "/Users/zacharylandes/turing/3module/Gedaride/config/initializers/inflections.rb": [
        null,
        null,
        null,
        null,
        null,
        null,
        null,
        null,
        null,
        null,
        null,
        null,
        null,
        null,
        null,
        null
      ],
      "/Users/zacharylandes/turing/3module/Gedaride/config/initializers/mailboxer.rb": [
        1,
        null,
        null,
        1,
        null,
        null,
        1,
        null,
        null,
        1,
        1,
        1,
        null,
        null,
        null,
        1,
        1,
        null,
        null,
        1,
        1,
        null
      ],
      "/Users/zacharylandes/turing/3module/Gedaride/config/initializers/mime_types.rb": [
        null,
        null,
        null,
        null
      ],
      "/Users/zacharylandes/turing/3module/Gedaride/config/initializers/omniauth.rb": [
        1,
        null,
        1,
        1,
        null,
        null
      ],
      "/Users/zacharylandes/turing/3module/Gedaride/config/initializers/stripe.rb": [
        1,
        null,
        null,
        null,
        null,
        1
      ],
      "/Users/zacharylandes/turing/3module/Gedaride/config/initializers/wrap_parameters.rb": [
        null,
        null,
        null,
        null,
        null,
        null,
        1,
        2,
        null,
        null,
        null,
        null,
        null,
        null
      ],
      "/Users/zacharylandes/turing/3module/Gedaride/spec/factories/destinations.rb": [
        1,
        1,
        1,
        1,
        1,
        1,
        null,
        null,
        null
      ],
      "/Users/zacharylandes/turing/3module/Gedaride/spec/factories/origins.rb": [
        1,
        1,
        1,
        1,
        1,
        1,
        null,
        null
      ],
      "/Users/zacharylandes/turing/3module/Gedaride/spec/factories/rides.rb": [
        1,
        1,
        1,
        1,
        null,
        null
      ],
      "/Users/zacharylandes/turing/3module/Gedaride/spec/factories/users.rb": [
        1,
        1,
        1,
        1,
        1,
        1,
        1,
        null,
        null
      ],
      "/Users/zacharylandes/turing/3module/Gedaride/config/routes.rb": [
        1,
        1,
        1,
        1,
        null,
        1,
        1,
        1,
        1,
        null,
        1,
        1,
        1,
        1,
        1,
        1,
        1,
        1,
        1,
        null,
        1,
        null,
        null
      ],
      "/Users/zacharylandes/turing/3module/Gedaride/app/helpers/application_helper.rb": [
        1,
        null
      ],
      "/Users/zacharylandes/turing/3module/Gedaride/app/helpers/charges_helper.rb": [
        1,
        null
      ],
      "/Users/zacharylandes/turing/3module/Gedaride/app/helpers/home_helper.rb": [
        1,
        null
      ],
      "/Users/zacharylandes/turing/3module/Gedaride/app/helpers/sessions_helper.rb": [
        1,
        null
      ],
      "/Users/zacharylandes/turing/3module/Gedaride/spec/support/factory_bot.rb": [
        1,
        1,
        null
      ],
      "/Users/zacharylandes/turing/3module/Gedaride/spec/support/vcr_setup.rb": [
        1,
        null,
        1,
        1,
        null,
        1,
        null
      ],
      "/Users/zacharylandes/turing/3module/Gedaride/app/controllers/home_controller.rb": [
        1,
        1,
        0,
        null,
        null,
        1,
        3,
        3,
        0,
        0,
        0,
        0,
        0,
        0,
        0,
        null,
        0,
        null,
        null,
        null,
        null,
        null
      ],
      "/Users/zacharylandes/turing/3module/Gedaride/app/controllers/application_controller.rb": [
        1,
        1,
        1,
        null,
        null,
        null,
        null,
        null,
        null,
        null,
        null,
        1,
        9,
        null,
        null,
        null,
        1,
        0,
        null,
        null,
        1,
        0,
        0,
        null,
        null,
        1,
        14,
        null,
        null,
        null,
        14,
        null,
        null,
        1,
        0,
        null,
        null,
        null
      ],
      "/Users/zacharylandes/turing/3module/Gedaride/app/models/ride.rb": [
        1,
        1,
        1,
        1,
        1,
        null,
        1,
        null,
        1,
        0,
        0,
        0,
        0,
        null,
        0,
        null,
        null,
        null,
        1,
        0,
        null,
        null
      ],
      "/Users/zacharylandes/turing/3module/Gedaride/app/models/application_record.rb": [
        1,
        1,
        null
      ],
      "/Users/zacharylandes/turing/3module/Gedaride/app/controllers/events_controller.rb": [
        1,
        null,
        1,
        6,
        3,
        3,
        1,
        1,
        null,
        2,
        null,
        3,
        0,
        null,
        3,
        null,
        null,
        null,
        1,
        0,
        null,
        null,
        null
      ],
      "/Users/zacharylandes/turing/3module/Gedaride/app/models/event.rb": [
        1,
        null,
        null,
        null
      ],
      "/Users/zacharylandes/turing/3module/Gedaride/app/services/event_service.rb": [
        1,
        null,
        1,
        3,
        3,
        3,
        1,
        null,
        2,
        20,
        null,
        2,
        null,
        null,
        null,
        1,
        2,
        2,
        20,
        null,
        null,
        null,
        1,
        1,
        null,
        null,
        null,
        1,
        0,
        0,
        0,
        null,
        null,
        null,
        null
      ]
    },
    "timestamp": 1519795736
  }
}
